2025-05-19 03:04:49,672 INFO: StyleHub startup [in C:\Users\ehoma\PycharmProjects\marco\app\error_handlers.py:16]
2025-05-19 03:04:51,190 INFO: StyleHub startup [in C:\Users\ehoma\PycharmProjects\marco\app\error_handlers.py:16]
2025-05-19 03:05:16,009 INFO: StyleHub startup [in C:\Users\ehoma\PycharmProjects\marco\app\error_handlers.py:16]
2025-05-19 03:06:06,772 INFO: StyleHub startup [in C:\Users\ehoma\PycharmProjects\marco\app\error_handlers.py:16]
2025-05-19 03:06:12,919 INFO: StyleHub startup [in C:\Users\ehoma\PycharmProjects\marco\app\error_handlers.py:16]
2025-05-19 03:06:23,824 INFO: StyleHub startup [in C:\Users\ehoma\PycharmProjects\marco\app\error_handlers.py:16]
2025-05-19 03:06:25,470 INFO: StyleHub startup [in C:\Users\ehoma\PycharmProjects\marco\app\error_handlers.py:16]
2025-05-19 03:07:19,654 INFO: StyleHub startup [in C:\Users\ehoma\PycharmProjects\marco\app\error_handlers.py:16]
2025-05-19 03:07:21,764 INFO: StyleHub startup [in C:\Users\ehoma\PycharmProjects\marco\app\error_handlers.py:16]
2025-05-19 03:07:39,365 ERROR: Erreur suppression boutique: (sqlite3.IntegrityError) NOT NULL constraint failed: reviews.boutique_id
[SQL: UPDATE reviews SET boutique_id=? WHERE reviews.id = ?]
[parameters: [(None, 1), (None, 2), (None, 3), (None, 4), (None, 5), (None, 6)]]
(Background on this error at: https://sqlalche.me/e/20/gkpj) [in C:\Users\ehoma\PycharmProjects\marco\app\routes\admin.py:214]
2025-05-19 03:07:52,243 ERROR: Erreur suppression boutique: (sqlite3.IntegrityError) NOT NULL constraint failed: reviews.boutique_id
[SQL: UPDATE reviews SET boutique_id=? WHERE reviews.id = ?]
[parameters: (None, 7)]
(Background on this error at: https://sqlalche.me/e/20/gkpj) [in C:\Users\ehoma\PycharmProjects\marco\app\routes\admin.py:214]
2025-05-19 03:09:28,948 INFO: StyleHub startup [in C:\Users\ehoma\PycharmProjects\marco\app\error_handlers.py:16]
2025-05-19 03:09:30,289 INFO: StyleHub startup [in C:\Users\ehoma\PycharmProjects\marco\app\error_handlers.py:16]
2025-05-22 00:48:51,287 INFO: StyleHub startup [in C:\Users\ehoma\PycharmProjects\marco\app\error_handlers.py:16]
2025-05-22 00:48:53,053 INFO: StyleHub startup [in C:\Users\ehoma\PycharmProjects\marco\app\error_handlers.py:16]
2025-05-22 00:57:37,333 INFO: StyleHub startup [in C:\Users\ehoma\PycharmProjects\marco\app\error_handlers.py:16]
2025-05-22 00:57:38,822 INFO: StyleHub startup [in C:\Users\ehoma\PycharmProjects\marco\app\error_handlers.py:16]
2025-05-22 00:58:40,514 INFO: StyleHub startup [in C:\Users\ehoma\PycharmProjects\marco\app\error_handlers.py:16]
2025-05-22 00:58:42,145 INFO: StyleHub startup [in C:\Users\ehoma\PycharmProjects\marco\app\error_handlers.py:16]
2025-05-24 20:17:06,536 INFO: StyleHub startup [in C:\Users\ehoma\PycharmProjects\marco\app\error_handlers.py:16]
2025-05-24 20:17:07,545 INFO: StyleHub startup [in C:\Users\ehoma\PycharmProjects\marco\app\error_handlers.py:16]
2025-05-25 14:20:17,981 INFO: StyleHub startup [in C:\Users\ehoma\PycharmProjects\marco\app\error_handlers.py:16]
2025-05-25 14:39:47,814 INFO: StyleHub startup [in C:\Users\ehoma\PycharmProjects\marco\app\error_handlers.py:16]
2025-05-25 14:51:34,783 INFO: StyleHub startup [in C:\Users\ehoma\PycharmProjects\marco\app\error_handlers.py:16]
2025-05-25 14:51:35,712 INFO: StyleHub startup [in C:\Users\ehoma\PycharmProjects\marco\app\error_handlers.py:16]
2025-05-25 16:18:34,401 INFO: StyleHub startup [in C:\Users\ehoma\PycharmProjects\marco\app\error_handlers.py:16]
2025-05-25 16:18:35,314 INFO: StyleHub startup [in C:\Users\ehoma\PycharmProjects\marco\app\error_handlers.py:16]
2025-05-26 18:08:38,542 INFO: StyleHub startup [in C:\Users\ehoma\PycharmProjects\marco\app\error_handlers.py:16]
2025-05-26 18:08:39,427 INFO: StyleHub startup [in C:\Users\ehoma\PycharmProjects\marco\app\error_handlers.py:16]
2025-05-28 10:45:36,317 INFO: StyleHub startup [in C:\Users\ehoma\PycharmProjects\marco\app\error_handlers.py:16]
2025-05-28 10:45:38,018 INFO: StyleHub startup [in C:\Users\ehoma\PycharmProjects\marco\app\error_handlers.py:16]
2025-05-28 11:03:39,387 INFO: StyleHub startup [in C:\Users\ehoma\PycharmProjects\marco\app\error_handlers.py:16]
2025-05-28 11:03:41,321 INFO: StyleHub startup [in C:\Users\ehoma\PycharmProjects\marco\app\error_handlers.py:16]
2025-05-28 11:16:23,151 INFO: StyleHub startup [in C:\Users\ehoma\PycharmProjects\marco\app\error_handlers.py:16]
2025-05-28 11:16:24,187 INFO: StyleHub startup [in C:\Users\ehoma\PycharmProjects\marco\app\error_handlers.py:16]
